# JRE version: OpenJDK Runtime Environment Temurin-17.0.11+9 (17.0.11+9) (build 17.0.11+9)
# Java VM: OpenJDK 64-Bit Server VM Temurin-17.0.11+9 (17.0.11+9, mixed mode, tiered, compressed oops, compressed class ptrs, parallel gc, windows-amd64)
GC Precious Log:
 CPUs: 8 total, 8 available
 Memory: 16281M
 Large Page Support: Disabled
 NUMA Support: Disabled
 Compressed Oops: Enabled (32-bit)
 Alignments: Space 512K, Generation 512K, Heap 2M
 Heap Min Capacity: 100M
 Heap Initial Capacity: 100M
 Heap Max Capacity: 1G
 Pre-touch: Disabled
 Parallel Workers: 8
Heap:
 PSYoungGen      total 25088K, used 17473K [0x00000000eab00000, 0x00000000ec600000, 0x0000000100000000)
  eden space 22016K, 72% used [0x00000000eab00000,0x00000000ebaa3850,0x00000000ec080000)
  from space 3072K, 47% used [0x00000000ec080000,0x00000000ec1ecfa0,0x00000000ec380000)
  to   space 2048K, 0% used [0x00000000ec400000,0x00000000ec400000,0x00000000ec600000)
 ParOldGen       total 68608K, used 22202K [0x00000000c0000000, 0x00000000c4300000, 0x00000000eab00000)
  object space 68608K, 32% used [0x00000000c0000000,0x00000000c15aeaa8,0x00000000c4300000)
 Metaspace       used 51561K, committed 52544K, reserved 1114112K
  class space    used 5571K, committed 6016K, reserved 1048576K
GC Heap History (20 events):
Event: 17.289 GC heap before
{Heap before GC invocations=10 (full 1):
 PSYoungGen      total 28160K, used 28128K [0x00000000eab00000, 0x00000000ecf80000, 0x0000000100000000)
  eden space 23552K, 100% used [0x00000000eab00000,0x00000000ec200000,0x00000000ec200000)
  from space 4608K, 99% used [0x00000000ec880000,0x00000000eccf82b8,0x00000000ecd00000)
  to   space 6656K, 0% used [0x00000000ec200000,0x00000000ec200000,0x00000000ec880000)
 ParOldGen       total 68608K, used 12726K [0x00000000c0000000, 0x00000000c4300000, 0x00000000eab00000)
  object space 68608K, 18% used [0x00000000c0000000,0x00000000c0c6d9d0,0x00000000c4300000)
 Metaspace       used 32444K, committed 33216K, reserved 1114112K
  class space    used 3255K, committed 3584K, reserved 1048576K
}
Event: 17.293 GC heap after
{Heap after GC invocations=10 (full 1):
 PSYoungGen      total 28672K, used 5285K [0x00000000eab00000, 0x00000000ecc80000, 0x0000000100000000)
  eden space 23040K, 0% used [0x00000000eab00000,0x00000000eab00000,0x00000000ec180000)
  from space 5632K, 93% used [0x00000000ec200000,0x00000000ec729498,0x00000000ec780000)
  to   space 5120K, 0% used [0x00000000ec780000,0x00000000ec780000,0x00000000ecc80000)
 ParOldGen       total 68608K, used 14309K [0x00000000c0000000, 0x00000000c4300000, 0x00000000eab00000)
  object space 68608K, 20% used [0x00000000c0000000,0x00000000c0df9648,0x00000000c4300000)
 Metaspace       used 32444K, committed 33216K, reserved 1114112K
  class space    used 3255K, committed 3584K, reserved 1048576K
}
Event: 17.526 GC heap before
{Heap before GC invocations=11 (full 1):
 PSYoungGen      total 28672K, used 28325K [0x00000000eab00000, 0x00000000ecc80000, 0x0000000100000000)
  eden space 23040K, 100% used [0x00000000eab00000,0x00000000ec180000,0x00000000ec180000)
  from space 5632K, 93% used [0x00000000ec200000,0x00000000ec729498,0x00000000ec780000)
  to   space 5120K, 0% used [0x00000000ec780000,0x00000000ec780000,0x00000000ecc80000)
 ParOldGen       total 68608K, used 14309K [0x00000000c0000000, 0x00000000c4300000, 0x00000000eab00000)
  object space 68608K, 20% used [0x00000000c0000000,0x00000000c0df9648,0x00000000c4300000)
 Metaspace       used 34167K, committed 34944K, reserved 1114112K
  class space    used 3357K, committed 3712K, reserved 1048576K
}
Event: 17.530 GC heap after
{Heap after GC invocations=11 (full 1):
 PSYoungGen      total 26112K, used 3130K [0x00000000eab00000, 0x00000000ecb00000, 0x0000000100000000)
  eden space 22528K, 0% used [0x00000000eab00000,0x00000000eab00000,0x00000000ec100000)
  from space 3584K, 87% used [0x00000000ec780000,0x00000000eca8e978,0x00000000ecb00000)
  to   space 4096K, 0% used [0x00000000ec300000,0x00000000ec300000,0x00000000ec700000)
 ParOldGen       total 68608K, used 16515K [0x00000000c0000000, 0x00000000c4300000, 0x00000000eab00000)
  object space 68608K, 24% used [0x00000000c0000000,0x00000000c1020e90,0x00000000c4300000)
 Metaspace       used 34167K, committed 34944K, reserved 1114112K
  class space    used 3357K, committed 3712K, reserved 1048576K
}
Event: 17.659 GC heap before
{Heap before GC invocations=12 (full 1):
 PSYoungGen      total 26112K, used 10324K [0x00000000eab00000, 0x00000000ecb00000, 0x0000000100000000)
  eden space 22528K, 31% used [0x00000000eab00000,0x00000000eb206818,0x00000000ec100000)
  from space 3584K, 87% used [0x00000000ec780000,0x00000000eca8e978,0x00000000ecb00000)
  to   space 4096K, 0% used [0x00000000ec300000,0x00000000ec300000,0x00000000ec700000)
 ParOldGen       total 68608K, used 16515K [0x00000000c0000000, 0x00000000c4300000, 0x00000000eab00000)
  object space 68608K, 24% used [0x00000000c0000000,0x00000000c1020e90,0x00000000c4300000)
 Metaspace       used 35120K, committed 35840K, reserved 1114112K
  class space    used 3455K, committed 3776K, reserved 1048576K
}
Event: 17.663 GC heap after
{Heap after GC invocations=12 (full 1):
 PSYoungGen      total 23552K, used 802K [0x00000000eab00000, 0x00000000ec800000, 0x0000000100000000)
  eden space 22528K, 0% used [0x00000000eab00000,0x00000000eab00000,0x00000000ec100000)
  from space 1024K, 78% used [0x00000000ec300000,0x00000000ec3c8aa8,0x00000000ec400000)
  to   space 2048K, 0% used [0x00000000ec600000,0x00000000ec600000,0x00000000ec800000)
 ParOldGen       total 68608K, used 19492K [0x00000000c0000000, 0x00000000c4300000, 0x00000000eab00000)
  object space 68608K, 28% used [0x00000000c0000000,0x00000000c13090c8,0x00000000c4300000)
 Metaspace       used 35120K, committed 35840K, reserved 1114112K
  class space    used 3455K, committed 3776K, reserved 1048576K
}
Event: 17.663 GC heap before
{Heap before GC invocations=13 (full 2):
 PSYoungGen      total 23552K, used 802K [0x00000000eab00000, 0x00000000ec800000, 0x0000000100000000)
  eden space 22528K, 0% used [0x00000000eab00000,0x00000000eab00000,0x00000000ec100000)
  from space 1024K, 78% used [0x00000000ec300000,0x00000000ec3c8aa8,0x00000000ec400000)
  to   space 2048K, 0% used [0x00000000ec600000,0x00000000ec600000,0x00000000ec800000)
 ParOldGen       total 68608K, used 19492K [0x00000000c0000000, 0x00000000c4300000, 0x00000000eab00000)
  object space 68608K, 28% used [0x00000000c0000000,0x00000000c13090c8,0x00000000c4300000)
 Metaspace       used 35120K, committed 35840K, reserved 1114112K
  class space    used 3455K, committed 3776K, reserved 1048576K
}
Event: 17.711 GC heap after
{Heap after GC invocations=13 (full 2):
 PSYoungGen      total 23552K, used 0K [0x00000000eab00000, 0x00000000ec800000, 0x0000000100000000)
  eden space 22528K, 0% used [0x00000000eab00000,0x00000000eab00000,0x00000000ec100000)
  from space 1024K, 0% used [0x00000000ec300000,0x00000000ec300000,0x00000000ec400000)
  to   space 2048K, 0% used [0x00000000ec600000,0x00000000ec600000,0x00000000ec800000)
 ParOldGen       total 68608K, used 17630K [0x00000000c0000000, 0x00000000c4300000, 0x00000000eab00000)
  object space 68608K, 25% used [0x00000000c0000000,0x00000000c11378e8,0x00000000c4300000)
 Metaspace       used 35107K, committed 35840K, reserved 1114112K
  class space    used 3451K, committed 3776K, reserved 1048576K
}
Event: 18.122 GC heap before
{Heap before GC invocations=14 (full 2):
 PSYoungGen      total 23552K, used 22528K [0x00000000eab00000, 0x00000000ec800000, 0x0000000100000000)
  eden space 22528K, 100% used [0x00000000eab00000,0x00000000ec100000,0x00000000ec100000)
  from space 1024K, 0% used [0x00000000ec300000,0x00000000ec300000,0x00000000ec400000)
  to   space 2048K, 0% used [0x00000000ec600000,0x00000000ec600000,0x00000000ec800000)
 ParOldGen       total 68608K, used 17630K [0x00000000c0000000, 0x00000000c4300000, 0x00000000eab00000)
  object space 68608K, 25% used [0x00000000c0000000,0x00000000c11378e8,0x00000000c4300000)
 Metaspace       used 38291K, committed 39232K, reserved 1114112K
  class space    used 3824K, committed 4224K, reserved 1048576K
}
Event: 18.124 GC heap after
{Heap after GC invocations=14 (full 2):
 PSYoungGen      total 23552K, used 1110K [0x00000000eab00000, 0x00000000ec780000, 0x0000000100000000)
  eden space 22016K, 0% used [0x00000000eab00000,0x00000000eab00000,0x00000000ec080000)
  from space 1536K, 72% used [0x00000000ec600000,0x00000000ec715a98,0x00000000ec780000)
  to   space 1536K, 0% used [0x00000000ec480000,0x00000000ec480000,0x00000000ec600000)
 ParOldGen       total 68608K, used 17638K [0x00000000c0000000, 0x00000000c4300000, 0x00000000eab00000)
  object space 68608K, 25% used [0x00000000c0000000,0x00000000c11398e8,0x00000000c4300000)
 Metaspace       used 38291K, committed 39232K, reserved 1114112K
  class space    used 3824K, committed 4224K, reserved 1048576K
}
Event: 18.322 GC heap before
{Heap before GC invocations=15 (full 2):
 PSYoungGen      total 23552K, used 23126K [0x00000000eab00000, 0x00000000ec780000, 0x0000000100000000)
  eden space 22016K, 100% used [0x00000000eab00000,0x00000000ec080000,0x00000000ec080000)
  from space 1536K, 72% used [0x00000000ec600000,0x00000000ec715a98,0x00000000ec780000)
  to   space 1536K, 0% used [0x00000000ec480000,0x00000000ec480000,0x00000000ec600000)
 ParOldGen       total 68608K, used 17638K [0x00000000c0000000, 0x00000000c4300000, 0x00000000eab00000)
  object space 68608K, 25% used [0x00000000c0000000,0x00000000c11398e8,0x00000000c4300000)
 Metaspace       used 39962K, committed 40832K, reserved 1114112K
  class space    used 4048K, committed 4352K, reserved 1048576K
}
Event: 18.324 GC heap after
{Heap after GC invocations=15 (full 2):
 PSYoungGen      total 22528K, used 352K [0x00000000eab00000, 0x00000000ec680000, 0x0000000100000000)
  eden space 22016K, 0% used [0x00000000eab00000,0x00000000eab00000,0x00000000ec080000)
  from space 512K, 68% used [0x00000000ec480000,0x00000000ec4d8000,0x00000000ec500000)
  to   space 1024K, 0% used [0x00000000ec580000,0x00000000ec580000,0x00000000ec680000)
 ParOldGen       total 68608K, used 18647K [0x00000000c0000000, 0x00000000c4300000, 0x00000000eab00000)
  object space 68608K, 27% used [0x00000000c0000000,0x00000000c1235c48,0x00000000c4300000)
 Metaspace       used 39962K, committed 40832K, reserved 1114112K
  class space    used 4048K, committed 4352K, reserved 1048576K
}
Event: 18.588 GC heap before
{Heap before GC invocations=16 (full 2):
 PSYoungGen      total 22528K, used 22368K [0x00000000eab00000, 0x00000000ec680000, 0x0000000100000000)
  eden space 22016K, 100% used [0x00000000eab00000,0x00000000ec080000,0x00000000ec080000)
  from space 512K, 68% used [0x00000000ec480000,0x00000000ec4d8000,0x00000000ec500000)
  to   space 1024K, 0% used [0x00000000ec580000,0x00000000ec580000,0x00000000ec680000)
 ParOldGen       total 68608K, used 18647K [0x00000000c0000000, 0x00000000c4300000, 0x00000000eab00000)
  object space 68608K, 27% used [0x00000000c0000000,0x00000000c1235c48,0x00000000c4300000)
 Metaspace       used 42231K, committed 43200K, reserved 1114112K
  class space    used 4375K, committed 4800K, reserved 1048576K
}
Event: 18.590 GC heap after
{Heap after GC invocations=16 (full 2):
 PSYoungGen      total 23040K, used 861K [0x00000000eab00000, 0x00000000ec680000, 0x0000000100000000)
  eden space 22016K, 0% used [0x00000000eab00000,0x00000000eab00000,0x00000000ec080000)
  from space 1024K, 84% used [0x00000000ec580000,0x00000000ec657658,0x00000000ec680000)
  to   space 1024K, 0% used [0x00000000ec480000,0x00000000ec480000,0x00000000ec580000)
 ParOldGen       total 68608K, used 18889K [0x00000000c0000000, 0x00000000c4300000, 0x00000000eab00000)
  object space 68608K, 27% used [0x00000000c0000000,0x00000000c1272488,0x00000000c4300000)
 Metaspace       used 42231K, committed 43200K, reserved 1114112K
  class space    used 4375K, committed 4800K, reserved 1048576K
}
Event: 18.895 GC heap before
{Heap before GC invocations=17 (full 2):
 PSYoungGen      total 23040K, used 22841K [0x00000000eab00000, 0x00000000ec680000, 0x0000000100000000)
  eden space 22016K, 99% used [0x00000000eab00000,0x00000000ec077170,0x00000000ec080000)
  from space 1024K, 84% used [0x00000000ec580000,0x00000000ec657658,0x00000000ec680000)
  to   space 1024K, 0% used [0x00000000ec480000,0x00000000ec480000,0x00000000ec580000)
 ParOldGen       total 68608K, used 18889K [0x00000000c0000000, 0x00000000c4300000, 0x00000000eab00000)
  object space 68608K, 27% used [0x00000000c0000000,0x00000000c1272488,0x00000000c4300000)
 Metaspace       used 43975K, committed 44928K, reserved 1114112K
  class space    used 4606K, committed 5056K, reserved 1048576K
}
Event: 18.898 GC heap after
{Heap after GC invocations=17 (full 2):
 PSYoungGen      total 23040K, used 1020K [0x00000000eab00000, 0x00000000ec600000, 0x0000000100000000)
  eden space 22016K, 0% used [0x00000000eab00000,0x00000000eab00000,0x00000000ec080000)
  from space 1024K, 99% used [0x00000000ec480000,0x00000000ec57f248,0x00000000ec580000)
  to   space 512K, 0% used [0x00000000ec580000,0x00000000ec580000,0x00000000ec600000)
 ParOldGen       total 68608K, used 19802K [0x00000000c0000000, 0x00000000c4300000, 0x00000000eab00000)
  object space 68608K, 28% used [0x00000000c0000000,0x00000000c1356a40,0x00000000c4300000)
 Metaspace       used 43975K, committed 44928K, reserved 1114112K
  class space    used 4606K, committed 5056K, reserved 1048576K
}
Event: 19.176 GC heap before
{Heap before GC invocations=18 (full 2):
 PSYoungGen      total 23040K, used 23036K [0x00000000eab00000, 0x00000000ec600000, 0x0000000100000000)
  eden space 22016K, 100% used [0x00000000eab00000,0x00000000ec080000,0x00000000ec080000)
  from space 1024K, 99% used [0x00000000ec480000,0x00000000ec57f248,0x00000000ec580000)
  to   space 512K, 0% used [0x00000000ec580000,0x00000000ec580000,0x00000000ec600000)
 ParOldGen       total 68608K, used 19802K [0x00000000c0000000, 0x00000000c4300000, 0x00000000eab00000)
  object space 68608K, 28% used [0x00000000c0000000,0x00000000c1356a40,0x00000000c4300000)
 Metaspace       used 46344K, committed 47296K, reserved 1114112K
  class space    used 4900K, committed 5312K, reserved 1048576K
}
Event: 19.179 GC heap after
{Heap after GC invocations=18 (full 2):
 PSYoungGen      total 22528K, used 512K [0x00000000eab00000, 0x00000000ec680000, 0x0000000100000000)
  eden space 22016K, 0% used [0x00000000eab00000,0x00000000eab00000,0x00000000ec080000)
  from space 512K, 100% used [0x00000000ec580000,0x00000000ec600000,0x00000000ec600000)
  to   space 3072K, 0% used [0x00000000ec080000,0x00000000ec080000,0x00000000ec380000)
 ParOldGen       total 68608K, used 21742K [0x00000000c0000000, 0x00000000c4300000, 0x00000000eab00000)
  object space 68608K, 31% used [0x00000000c0000000,0x00000000c153b8a8,0x00000000c4300000)
 Metaspace       used 46344K, committed 47296K, reserved 1114112K
  class space    used 4900K, committed 5312K, reserved 1048576K
}
Event: 19.423 GC heap before
{Heap before GC invocations=19 (full 2):
 PSYoungGen      total 22528K, used 22528K [0x00000000eab00000, 0x00000000ec680000, 0x0000000100000000)
  eden space 22016K, 100% used [0x00000000eab00000,0x00000000ec080000,0x00000000ec080000)
  from space 512K, 100% used [0x00000000ec580000,0x00000000ec600000,0x00000000ec600000)
  to   space 3072K, 0% used [0x00000000ec080000,0x00000000ec080000,0x00000000ec380000)
 ParOldGen       total 68608K, used 21742K [0x00000000c0000000, 0x00000000c4300000, 0x00000000eab00000)
  object space 68608K, 31% used [0x00000000c0000000,0x00000000c153b8a8,0x00000000c4300000)
 Metaspace       used 49424K, committed 50432K, reserved 1114112K
  class space    used 5293K, committed 5760K, reserved 1048576K
}
Event: 19.426 GC heap after
{Heap after GC invocations=19 (full 2):
 PSYoungGen      total 25088K, used 1459K [0x00000000eab00000, 0x00000000ec600000, 0x0000000100000000)
  eden space 22016K, 0% used [0x00000000eab00000,0x00000000eab00000,0x00000000ec080000)
  from space 3072K, 47% used [0x00000000ec080000,0x00000000ec1ecfa0,0x00000000ec380000)
  to   space 2048K, 0% used [0x00000000ec400000,0x00000000ec400000,0x00000000ec600000)
 ParOldGen       total 68608K, used 22202K [0x00000000c0000000, 0x00000000c4300000, 0x00000000eab00000)
  object space 68608K, 32% used [0x00000000c0000000,0x00000000c15aeaa8,0x00000000c4300000)
 Metaspace       used 49424K, committed 50432K, reserved 1114112K
  class space    used 5293K, committed 5760K, reserved 1048576K
}

